[2026-03-26 21:23:33,303] INFO _log() L97   [31m[1mWARNING: This is a development server. Do not use it in a production deployment. Use a production WSGI server instead.[0m
 * Running on all addresses (0.0.0.0)
 * Running on http://127.0.0.1:5000
 * Running on http://192.168.1.3:5000 - call_trace=C:\Users\joao_\AppData\Local\Programs\Python\Python313\Lib\site-packages\werkzeug\_internal.py L97  
[2026-03-26 21:23:33,303] INFO _log() L97   [33mPress CTRL+C to quit[0m - call_trace=C:\Users\joao_\AppData\Local\Programs\Python\Python313\Lib\site-packages\werkzeug\_internal.py L97  
[2026-03-26 21:23:48,107] INFO add_paciente() L105  Adicionando paciente: 'Joao Silva' | predicao: No - call_trace=C:\Projetos\puc-rio\Qualidade de Software, Seguran蓷 e Sistemas Inteligentes\mvp\api\app.py L105 
[2026-03-26 21:23:48,115] INFO add_paciente() L111  Paciente adicionado com sucesso. - call_trace=C:\Projetos\puc-rio\Qualidade de Software, Seguran蓷 e Sistemas Inteligentes\mvp\api\app.py L111 
[2026-03-26 21:23:48,117] INFO _log() L97   127.0.0.1 - - [26/Mar/2026 21:23:48] "POST /paciente HTTP/1.1" 200 - - call_trace=C:\Users\joao_\AppData\Local\Programs\Python\Python313\Lib\site-packages\werkzeug\_internal.py L97  
[2026-03-29 16:45:33,209] ERROR log_exception() L1414 Exception on /front/scripts.js [GET] - call_trace=C:\Projetos\puc-rio\Qualidade de Software, Seguran蓷 e Sistemas Inteligentes\mvp\.venv\Lib\site-packages\flask\app.py L1414
Traceback (most recent call last):
  File "C:\Projetos\puc-rio\Qualidade de Software, Seguran蓷 e Sistemas Inteligentes\mvp\.venv\Lib\site-packages\flask\app.py", line 2190, in wsgi_app
    response = self.full_dispatch_request()
               ^^^^^^^^^^^^^^^^^^^^^^^^^^^^
  File "C:\Projetos\puc-rio\Qualidade de Software, Seguran蓷 e Sistemas Inteligentes\mvp\.venv\Lib\site-packages\flask\app.py", line 1486, in full_dispatch_request
    rv = self.handle_user_exception(e)
         ^^^^^^^^^^^^^^^^^^^^^^^^^^^^^
  File "C:\Projetos\puc-rio\Qualidade de Software, Seguran蓷 e Sistemas Inteligentes\mvp\.venv\Lib\site-packages\flask_cors\extension.py", line 176, in wrapped_function
    return cors_after_request(app.make_response(f(*args, **kwargs)))
                                                ^^^^^^^^^^^^^^^^^^
  File "C:\Projetos\puc-rio\Qualidade de Software, Seguran蓷 e Sistemas Inteligentes\mvp\.venv\Lib\site-packages\flask\app.py", line 1484, in full_dispatch_request
    rv = self.dispatch_request()
         ^^^^^^^^^^^^^^^^^^^^^^^
  File "C:\Projetos\puc-rio\Qualidade de Software, Seguran蓷 e Sistemas Inteligentes\mvp\.venv\Lib\site-packages\flask\app.py", line 1469, in dispatch_request
    return self.ensure_sync(self.view_functions[rule.endpoint])(**view_args)
           ^^^^^^^^^^^^^^^^^^^^^^^^^^^^^^^^^^^^^^^^^^^^^^^^^^^^^^^^^^^^^^^^^
  File "C:\Projetos\puc-rio\Qualidade de Software, Seguran蓷 e Sistemas Inteligentes\mvp\.venv\Lib\site-packages\flask_openapi3\scaffold.py", line 127, in view_func
    response = func(**func_kwargs)
               ^^^^^^^^^^^^^^^^^^^
TypeError: front_assets() missing 1 required positional argument: 'asset_path'
